<?xml version="1.0" encoding="UTF-8"?>
<!-- Generated by org.testng.reporters.JUnitReportReporter -->
<testsuite hostname="IN-PG02H7VY" failures="0" tests="5" name="com.amazon.testcases.loginTest" time="109.165" errors="0" timestamp="2022-10-01T20:17:28 IST" skipped="0">
  <testcase classname="com.amazon.testcases.loginTest" name="login" time="52.353"/>
  <system-out/>
  <testcase classname="com.amazon.testcases.loginTest" name="addressVerifyTest" time="0.670"/>
  <system-out/>
  <testcase classname="com.amazon.testcases.loginTest" name="searchProductTest" time="11.747"/>
  <system-out/>
  <testcase classname="com.amazon.testcases.loginTest" name="addToCartTest" time="36.303"/>
  <system-out/>
  <testcase classname="com.amazon.testcases.loginTest" name="signOutTest" time="8.092"/>
  <system-out/>
</testsuite> <!-- com.amazon.testcases.loginTest -->
