<?xml version="1.0" encoding="UTF-8"?>
<!-- Generated by org.testng.reporters.JUnitReportReporter -->
<testsuite hostname="IN-PG02H7VY" failures="0" tests="1" name="com.amazon.testcases.forgotPassword" time="9.456" errors="0" timestamp="2022-10-01T20:17:28 IST" skipped="0">
  <testcase classname="com.amazon.testcases.forgotPassword" name="forgetPasswordTest" time="9.456"/>
  <system-out/>
</testsuite> <!-- com.amazon.testcases.forgotPassword -->
