<?xml version="1.0" encoding="UTF-8"?>
<!-- Generated by org.testng.reporters.JUnitReportReporter -->
<testsuite hostname="IN-PG02H7VY" failures="0" tests="1" name="com.amazon.testcases.accountTest" time="3.669" errors="0" timestamp="2022-10-01T11:18:59 IST" skipped="0">
  <testcase classname="com.amazon.testcases.accountTest" name="forgetPasswordTest" time="3.669"/>
  <system-out/>
</testsuite> <!-- com.amazon.testcases.accountTest -->
